This is pdfTeX, Version 3.14159265-2.6-1.40.16 (TeX Live 2015) (preloaded format=pdflatex 2015.11.20)  19 MAR 2018 09:56
entering extended mode
 restricted \write18 enabled.
 %&-line parsing enabled.
**00_Titlepage.tex
(./00_Titlepage.tex
LaTeX2e <2015/01/01>
Babel <3.9l> and hyphenation patterns for 79 languages loaded.

! LaTeX Error: Missing \begin{document}.

See the LaTeX manual or LaTeX Companion for explanation.
Type  H <return>  for immediate help.
 ...                                              
                                                  
l.3 \begin{center}
                  
You're in trouble here.  Try typing  <return>  to proceed.
If that doesn't work, type  X <return>  to quit.


Overfull \hbox (20.0pt too wide) in paragraph at lines 3--3
[] 
 []

! Undefined control sequence.
l.5 {\LARGE
            \bf Master's Thesis}\\[2cm]
The control sequence at the end of the top line
of your error message was never \def'ed. If you have
misspelled it (e.g., `\hobx'), type `I' and the correct
spelling (e.g., `I\hbox'). Otherwise just continue,
and I'll forget about whatever was undefined.

! Undefined control sequence.
l.5 {\LARGE \bf
                Master's Thesis}\\[2cm]
The control sequence at the end of the top line
of your error message was never \def'ed. If you have
misspelled it (e.g., `\hobx'), type `I' and the correct
spelling (e.g., `I\hbox'). Otherwise just continue,
and I'll forget about whatever was undefined.

Missing character: There is no M in font nullfont!
Missing character: There is no a in font nullfont!
Missing character: There is no s in font nullfont!
Missing character: There is no t in font nullfont!
Missing character: There is no e in font nullfont!
Missing character: There is no r in font nullfont!
Missing character: There is no ' in font nullfont!
Missing character: There is no s in font nullfont!
Missing character: There is no T in font nullfont!
Missing character: There is no h in font nullfont!
Missing character: There is no e in font nullfont!
Missing character: There is no s in font nullfont!
Missing character: There is no i in font nullfont!
Missing character: There is no s in font nullfont!
! Undefined control sequence.
<recently read> \huge 
                      
l.7 ... of Analyst Reports to Forecast Volatility}
                                                  \\[2cm]
The control sequence at the end of the top line
of your error message was never \def'ed. If you have
misspelled it (e.g., `\hobx'), type `I' and the correct
spelling (e.g., `I\hbox'). Otherwise just continue,
and I'll forget about whatever was undefined.


Overfull \hbox (28.28316pt too wide) in paragraph at lines 7--7
 []\OT1/cmr/m/sc/10 Using 
 []


Overfull \hbox (25.48317pt too wide) in paragraph at lines 7--7
 \OT1/cmr/m/sc/10 Text 
 []


Overfull \hbox (21.59984pt too wide) in paragraph at lines 7--7
 \OT1/cmr/m/sc/10 Sen- 
 []


Overfull \hbox (12.71101pt too wide) in paragraph at lines 7--7
 \OT1/cmr/m/sc/10 ti- 
 []


Overfull \hbox (25.08876pt too wide) in paragraph at lines 7--7
 \OT1/cmr/m/sc/10 ment 
 []


Overfull \hbox (11.71107pt too wide) in paragraph at lines 7--7
 \OT1/cmr/m/sc/10 of 
 []


Overfull \hbox (18.04987pt too wide) in paragraph at lines 7--7
 \OT1/cmr/m/sc/10 An- 
 []


Overfull \hbox (9.91106pt too wide) in paragraph at lines 7--7
 \OT1/cmr/m/sc/10 a- 
 []


Overfull \hbox (21.08876pt too wide) in paragraph at lines 7--7
 \OT1/cmr/m/sc/10 lyst 
 []


Overfull \hbox (17.35541pt too wide) in paragraph at lines 7--7
 \OT1/cmr/m/sc/10 Re- 
 []


Overfull \hbox (27.77762pt too wide) in paragraph at lines 7--7
 \OT1/cmr/m/sc/10 ports 
 []


Overfull \hbox (12.2666pt too wide) in paragraph at lines 7--7
 \OT1/cmr/m/sc/10 to 
 []


Overfull \hbox (28.56648pt too wide) in paragraph at lines 7--7
 \OT1/cmr/m/sc/10 Fore- 
 []


Overfull \hbox (22.53322pt too wide) in paragraph at lines 7--7
 \OT1/cmr/m/sc/10 cast 
 []


Overfull \hbox (42.64691pt too wide) in paragraph at lines 7--7
 \OT1/cmr/m/sc/10 Volatil- 
 []


Overfull \hbox (15.26657pt too wide) in paragraph at lines 7--7
 \OT1/cmr/m/sc/10 ity 
 []

! Undefined control sequence.
l.9 {\bf
         \large University of St. Gallen}\\[2cm]
The control sequence at the end of the top line
of your error message was never \def'ed. If you have
misspelled it (e.g., `\hobx'), type `I' and the correct
spelling (e.g., `I\hbox'). Otherwise just continue,
and I'll forget about whatever was undefined.

! Undefined control sequence.
l.9 {\bf \large
                University of St. Gallen}\\[2cm]
The control sequence at the end of the top line
of your error message was never \def'ed. If you have
misspelled it (e.g., `\hobx'), type `I' and the correct
spelling (e.g., `I\hbox'). Otherwise just continue,
and I'll forget about whatever was undefined.

Missing character: There is no U in font nullfont!
Missing character: There is no n in font nullfont!
Missing character: There is no i in font nullfont!
Missing character: There is no v in font nullfont!
Missing character: There is no e in font nullfont!
Missing character: There is no r in font nullfont!
Missing character: There is no s in font nullfont!
Missing character: There is no i in font nullfont!
Missing character: There is no t in font nullfont!
Missing character: There is no y in font nullfont!
Missing character: There is no o in font nullfont!
Missing character: There is no f in font nullfont!
Missing character: There is no S in font nullfont!
Missing character: There is no t in font nullfont!
Missing character: There is no . in font nullfont!
Missing character: There is no G in font nullfont!
Missing character: There is no a in font nullfont!
Missing character: There is no l in font nullfont!
Missing character: There is no l in font nullfont!
Missing character: There is no e in font nullfont!
Missing character: There is no n in font nullfont!
LaTeX Font Info:    External font `cmex10' loaded for size
(Font)              <7> on input line 20.
LaTeX Font Info:    External font `cmex10' loaded for size
(Font)              <5> on input line 20.
! Undefined control sequence.
l.22 {\small
             Author:} & {\small Tikvic Kevin}\\
The control sequence at the end of the top line
of your error message was never \def'ed. If you have
misspelled it (e.g., `\hobx'), type `I' and the correct
spelling (e.g., `I\hbox'). Otherwise just continue,
and I'll forget about whatever was undefined.

Missing character: There is no A in font nullfont!
Missing character: There is no u in font nullfont!
Missing character: There is no t in font nullfont!
Missing character: There is no h in font nullfont!
Missing character: There is no o in font nullfont!
Missing character: There is no r in font nullfont!
Missing character: There is no : in font nullfont!
! Undefined control sequence.
l.22 {\small Author:} & {\small
                                Tikvic Kevin}\\
The control sequence at the end of the top line
of your error message was never \def'ed. If you have
misspelled it (e.g., `\hobx'), type `I' and the correct
spelling (e.g., `I\hbox'). Otherwise just continue,
and I'll forget about whatever was undefined.

Missing character: There is no T in font nullfont!
Missing character: There is no i in font nullfont!
Missing character: There is no k in font nullfont!
Missing character: There is no v in font nullfont!
Missing character: There is no i in font nullfont!
Missing character: There is no c in font nullfont!
Missing character: There is no K in font nullfont!
Missing character: There is no e in font nullfont!
Missing character: There is no v in font nullfont!
Missing character: There is no i in font nullfont!
Missing character: There is no n in font nullfont!
! Undefined control sequence.
l.23 {\small
             Submission Date:} & {\small 22.05.2018}\\
The control sequence at the end of the top line
of your error message was never \def'ed. If you have
misspelled it (e.g., `\hobx'), type `I' and the correct
spelling (e.g., `I\hbox'). Otherwise just continue,
and I'll forget about whatever was undefined.

Missing character: There is no S in font nullfont!
Missing character: There is no u in font nullfont!
Missing character: There is no b in font nullfont!
Missing character: There is no m in font nullfont!
Missing character: There is no i in font nullfont!
Missing character: There is no s in font nullfont!
Missing character: There is no s in font nullfont!
Missing character: There is no i in font nullfont!
Missing character: There is no o in font nullfont!
Missing character: There is no n in font nullfont!
Missing character: There is no D in font nullfont!
Missing character: There is no a in font nullfont!
Missing character: There is no t in font nullfont!
Missing character: There is no e in font nullfont!
Missing character: There is no : in font nullfont!
! Undefined control sequence.
l.23 {\small Submission Date:} & {\small
                                         22.05.2018}\\
The control sequence at the end of the top line
of your error message was never \def'ed. If you have
misspelled it (e.g., `\hobx'), type `I' and the correct
spelling (e.g., `I\hbox'). Otherwise just continue,
and I'll forget about whatever was undefined.

Missing character: There is no 2 in font nullfont!
Missing character: There is no 2 in font nullfont!
Missing character: There is no . in font nullfont!
Missing character: There is no 0 in font nullfont!
Missing character: There is no 5 in font nullfont!
Missing character: There is no . in font nullfont!
Missing character: There is no 2 in font nullfont!
Missing character: There is no 0 in font nullfont!
Missing character: There is no 1 in font nullfont!
Missing character: There is no 8 in font nullfont!
! Undefined control sequence.
l.24 {\small
             Supervisor:} & {\small Dr. Manuel Ammann (University of St.Gall...
The control sequence at the end of the top line
of your error message was never \def'ed. If you have
misspelled it (e.g., `\hobx'), type `I' and the correct
spelling (e.g., `I\hbox'). Otherwise just continue,
and I'll forget about whatever was undefined.

Missing character: There is no S in font nullfont!
Missing character: There is no u in font nullfont!
Missing character: There is no p in font nullfont!
Missing character: There is no e in font nullfont!
Missing character: There is no r in font nullfont!
Missing character: There is no v in font nullfont!
Missing character: There is no i in font nullfont!
Missing character: There is no s in font nullfont!
Missing character: There is no o in font nullfont!
Missing character: There is no r in font nullfont!
Missing character: There is no : in font nullfont!
! Undefined control sequence.
l.24 {\small Supervisor:} & {\small
                                    Dr. Manuel Ammann (University of St.Gall...
The control sequence at the end of the top line
of your error message was never \def'ed. If you have
misspelled it (e.g., `\hobx'), type `I' and the correct
spelling (e.g., `I\hbox'). Otherwise just continue,
and I'll forget about whatever was undefined.

Missing character: There is no D in font nullfont!
Missing character: There is no r in font nullfont!
Missing character: There is no . in font nullfont!
Missing character: There is no M in font nullfont!
Missing character: There is no a in font nullfont!
Missing character: There is no n in font nullfont!
Missing character: There is no u in font nullfont!
Missing character: There is no e in font nullfont!
Missing character: There is no l in font nullfont!
Missing character: There is no A in font nullfont!
Missing character: There is no m in font nullfont!
Missing character: There is no m in font nullfont!
Missing character: There is no a in font nullfont!
Missing character: There is no n in font nullfont!
Missing character: There is no n in font nullfont!
Missing character: There is no ( in font nullfont!
Missing character: There is no U in font nullfont!
Missing character: There is no n in font nullfont!
Missing character: There is no i in font nullfont!
Missing character: There is no v in font nullfont!
Missing character: There is no e in font nullfont!
Missing character: There is no r in font nullfont!
Missing character: There is no s in font nullfont!
Missing character: There is no i in font nullfont!
Missing character: There is no t in font nullfont!
Missing character: There is no y in font nullfont!
Missing character: There is no o in font nullfont!
Missing character: There is no f in font nullfont!
Missing character: There is no S in font nullfont!
Missing character: There is no t in font nullfont!
Missing character: There is no . in font nullfont!
Missing character: There is no G in font nullfont!
Missing character: There is no a in font nullfont!
Missing character: There is no l in font nullfont!
Missing character: There is no l in font nullfont!
Missing character: There is no e in font nullfont!
Missing character: There is no n in font nullfont!
Missing character: There is no ) in font nullfont!
! Undefined control sequence.
l.29 {\footnotesize
                    \textit{This thesis is submitted in partial fulfilment o...
The control sequence at the end of the top line
of your error message was never \def'ed. If you have
misspelled it (e.g., `\hobx'), type `I' and the correct
spelling (e.g., `I\hbox'). Otherwise just continue,
and I'll forget about whatever was undefined.


Overfull \hbox (19.4221pt too wide) in paragraph at lines 29--30
 []\OT1/cmr/m/it/10 This 
 []


Overfull \hbox (16.61098pt too wide) in paragraph at lines 29--30
 \OT1/cmr/m/it/10 the- 
 []


Overfull \hbox (11.24438pt too wide) in paragraph at lines 29--30
 \OT1/cmr/m/it/10 sis 
 []


Overfull \hbox (7.15552pt too wide) in paragraph at lines 29--30
 \OT1/cmr/m/it/10 is 
 []


Overfull \hbox (17.63321pt too wide) in paragraph at lines 29--30
 \OT1/cmr/m/it/10 sub- 
 []


Overfull \hbox (18.14432pt too wide) in paragraph at lines 29--30
 \OT1/cmr/m/it/10 mit- 
 []


Overfull \hbox (12.52211pt too wide) in paragraph at lines 29--30
 \OT1/cmr/m/it/10 ted 
 []


Overfull \hbox (8.68884pt too wide) in paragraph at lines 29--30
 \OT1/cmr/m/it/10 in 
 []


Overfull \hbox (17.50542pt too wide) in paragraph at lines 29--30
 \OT1/cmr/m/it/10 par- 
 []


Overfull \hbox (14.05547pt too wide) in paragraph at lines 29--30
 \OT1/cmr/m/it/10 tial 
 []


Overfull \hbox (14.56657pt too wide) in paragraph at lines 29--30
 \OT1/cmr/m/it/10 ful- 
 []


Overfull \hbox (11.75548pt too wide) in paragraph at lines 29--30
 \OT1/cmr/m/it/10 fil- 
 []


Overfull \hbox (21.72208pt too wide) in paragraph at lines 29--30
 \OT1/cmr/m/it/10 ment 
 []


Overfull \hbox (8.17773pt too wide) in paragraph at lines 29--30
 \OT1/cmr/m/it/10 of 
 []


Overfull \hbox (13.03323pt too wide) in paragraph at lines 29--30
 \OT1/cmr/m/it/10 the 
 []


Overfull \hbox (11.88321pt too wide) in paragraph at lines 29--30
 \OT1/cmr/m/it/10 re- 
 []


Overfull \hbox (24.91646pt too wide) in paragraph at lines 29--30
 \OT1/cmr/m/it/10 quire- 
 []


Overfull \hbox (25.81094pt too wide) in paragraph at lines 29--30
 \OT1/cmr/m/it/10 ments 
 []


Overfull \hbox (12.39436pt too wide) in paragraph at lines 29--30
 \OT1/cmr/m/it/10 for 
 []


Overfull \hbox (13.03323pt too wide) in paragraph at lines 29--30
 \OT1/cmr/m/it/10 the 
 []


Overfull \hbox (13.28879pt too wide) in paragraph at lines 29--30
 \OT1/cmr/m/it/10 de- 
 []


Overfull \hbox (16.99426pt too wide) in paragraph at lines 29--30
 \OT1/cmr/m/it/10 gree 
 []


Overfull \hbox (21.74431pt too wide) in paragraph at lines 29--30
 \OT1/cmr/m/it/10 Mas- 
 []


Overfull \hbox (12.13878pt too wide) in paragraph at lines 29--30
 \OT1/cmr/m/it/10 ter 
 []


Overfull \hbox (8.17773pt too wide) in paragraph at lines 29--30
 \OT1/cmr/m/it/10 of 
 []


Overfull \hbox (18.8054pt too wide) in paragraph at lines 29--30
 \OT1/cmr/m/it/10 Arts 
 []


Overfull \hbox (8.68884pt too wide) in paragraph at lines 29--30
 \OT1/cmr/m/it/10 in 
 []


Overfull \hbox (27.34428pt too wide) in paragraph at lines 29--30
 \OT1/cmr/m/it/10 Quan- 
 []


Overfull \hbox (9.96658pt too wide) in paragraph at lines 29--30
 \OT1/cmr/m/it/10 ti- 
 []


Overfull \hbox (12.01102pt too wide) in paragraph at lines 29--30
 \OT1/cmr/m/it/10 ta- 
 []


Overfull \hbox (15.58876pt too wide) in paragraph at lines 29--30
 \OT1/cmr/m/it/10 tive 
 []


Overfull \hbox (19.56096pt too wide) in paragraph at lines 29--30
 \OT1/cmr/m/it/10 Eco- 
 []


Overfull \hbox (30.66649pt too wide) in paragraph at lines 29--30
 \OT1/cmr/m/it/10 nomics 
 []


Overfull \hbox (15.84436pt too wide) in paragraph at lines 29--30
 \OT1/cmr/m/it/10 and 
 []


Overfull \hbox (13.17212pt too wide) in paragraph at lines 29--30
 \OT1/cmr/m/it/10 Fi- 
 []


Overfull \hbox (28.11092pt too wide) in paragraph at lines 29--30
 \OT1/cmr/m/it/10 nance. 
 []


! LaTeX Error: The font size command \normalsize is not defined:
               there is probably something wrong with the class file.

See the LaTeX manual or LaTeX Companion for explanation.
Type  H <return>  for immediate help.
 ...                                              
                                                  
l.32 \clearpage
               
Your command was ignored.
Type  I <command> <return>  to replace it with another command,
or  <return>  to continue without it.

[1{/usr/local/texlive/2015/texmf-var/fonts/map/pdftex/updmap/pdftex.map}])
! Emergency stop.
<*> 00_Titlepage.tex
                    
*** (job aborted, no legal \end found)

 
Here is how much of TeX's memory you used:
 15 strings out of 493089
 252 string characters out of 6134841
 55199 words of memory out of 5000000
 3596 multiletter control sequences out of 15000+600000
 4287 words of font info for 16 fonts, out of 8000000 for 9000
 1141 hyphenation exceptions out of 8191
 19i,6n,12p,195b,139s stack positions out of 5000i,500n,10000p,200000b,80000s
!  ==> Fatal error occurred, no output PDF file produced!
